Flow report for vup1500
Sun Apr 10 21:14:44 2016
Quartus Prime Version 15.1.0 Build 185 10/21/2015 SJ Lite Edition


---------------------
; Table of Contents ;
---------------------
  1. Legal Notice
  2. Flow Summary
  3. Flow Settings
  4. Flow Non-Default Global Settings
  5. Flow Elapsed Time
  6. Flow OS Summary
  7. Flow Log
  8. Flow Messages
  9. Flow Suppressed Messages



----------------
; Legal Notice ;
----------------
Copyright (C) 1991-2015 Altera Corporation. All rights reserved.
Your use of Altera Corporation's design tools, logic functions 
and other software and tools, and its AMPP partner logic 
functions, and any output files from any of the foregoing 
(including device programming or simulation files), and any 
associated documentation or information are expressly subject 
to the terms and conditions of the Altera Program License 
Subscription Agreement, the Altera Quartus Prime License Agreement,
the Altera MegaCore Function License Agreement, or other 
applicable license agreement, including, without limitation, 
that your use is for the sole purpose of programming logic 
devices manufactured by Altera and sold by Altera or its 
authorized distributors.  Please refer to the applicable 
agreement for further details.



+----------------------------------------------------------------------------------+
; Flow Summary                                                                     ;
+------------------------------------+---------------------------------------------+
; Flow Status                        ; Successful - Sun Apr 10 21:14:44 2016       ;
; Quartus Prime Version              ; 15.1.0 Build 185 10/21/2015 SJ Lite Edition ;
; Revision Name                      ; vup1500                                     ;
; Top-level Entity Name              ; vup1500                                     ;
; Family                             ; MAX 10                                      ;
; Device                             ; 10M08DAF484C8GES                            ;
; Timing Models                      ; Final                                       ;
; Total logic elements               ; 2,366 / 8,064 ( 29 % )                      ;
;     Total combinational functions  ; 2,129 / 8,064 ( 26 % )                      ;
;     Dedicated logic registers      ; 1,194 / 8,064 ( 15 % )                      ;
; Total registers                    ; 1194                                        ;
; Total pins                         ; 217 / 250 ( 87 % )                          ;
; Total virtual pins                 ; 0                                           ;
; Total memory bits                  ; 330,752 / 387,072 ( 85 % )                  ;
; Embedded Multiplier 9-bit elements ; 0 / 48 ( 0 % )                              ;
; Total PLLs                         ; 2 / 2 ( 100 % )                             ;
; UFM blocks                         ; 0 / 1 ( 0 % )                               ;
; ADC blocks                         ; 0 / 1 ( 0 % )                               ;
+------------------------------------+---------------------------------------------+


+-----------------------------------------+
; Flow Settings                           ;
+-------------------+---------------------+
; Option            ; Setting             ;
+-------------------+---------------------+
; Start date & time ; 04/10/2016 21:11:31 ;
; Main task         ; Compilation         ;
; Revision Name     ; vup1500             ;
+-------------------+---------------------+


+----------------------------------------------------------------------------------------------------------------------------+
; Flow Non-Default Global Settings                                                                                           ;
+-------------------------------------+---------------------------------------+---------------+-------------+----------------+
; Assignment Name                     ; Value                                 ; Default Value ; Entity Name ; Section Id     ;
+-------------------------------------+---------------------------------------+---------------+-------------+----------------+
; COMPILER_SIGNATURE_ID               ; 121383101346.146029029104980          ; --            ; --          ; --             ;
; EDA_OUTPUT_DATA_FORMAT              ; Vhdl                                  ; --            ; --          ; eda_simulation ;
; EDA_SIMULATION_TOOL                 ; ModelSim-Altera (VHDL)                ; <None>        ; --          ; --             ;
; ENABLE_SIGNALTAP                    ; On                                    ; --            ; --          ; --             ;
; MAX_CORE_JUNCTION_TEMP              ; 85                                    ; --            ; --          ; --             ;
; MIN_CORE_JUNCTION_TEMP              ; 0                                     ; --            ; --          ; --             ;
; MISC_FILE                           ; pll100_inst.vhd                       ; --            ; --          ; --             ;
; MISC_FILE                           ; pll100.cmp                            ; --            ; --          ; --             ;
; MISC_FILE                           ; pll100.ppf                            ; --            ; --          ; --             ;
; MISC_FILE                           ; mrom2k_inst.vhd                       ; --            ; --          ; --             ;
; MISC_FILE                           ; mrom2k.cmp                            ; --            ; --          ; --             ;
; MISC_FILE                           ; pll57_inst.vhd                        ; --            ; --          ; --             ;
; MISC_FILE                           ; pll57.cmp                             ; --            ; --          ; --             ;
; MISC_FILE                           ; pll57.ppf                             ; --            ; --          ; --             ;
; MISC_FILE                           ; ram2k_inst.vhd                        ; --            ; --          ; --             ;
; MISC_FILE                           ; ram2k.cmp                             ; --            ; --          ; --             ;
; MISC_FILE                           ; ram1k_inst.vhd                        ; --            ; --          ; --             ;
; MISC_FILE                           ; ram1k.cmp                             ; --            ; --          ; --             ;
; MISC_FILE                           ; cgrom_inst.vhd                        ; --            ; --          ; --             ;
; MISC_FILE                           ; cgrom.cmp                             ; --            ; --          ; --             ;
; MISC_FILE                           ; linebuf_inst.vhd                      ; --            ; --          ; --             ;
; MISC_FILE                           ; linebuf.cmp                           ; --            ; --          ; --             ;
; MISC_FILE                           ; mrom4k_inst.vhd                       ; --            ; --          ; --             ;
; MISC_FILE                           ; mrom4k.cmp                            ; --            ; --          ; --             ;
; MISC_FILE                           ; ram8k_inst.vhd                        ; --            ; --          ; --             ;
; MISC_FILE                           ; ram8k.cmp                             ; --            ; --          ; --             ;
; MISC_FILE                           ; mrom501_inst.vhd                      ; --            ; --          ; --             ;
; MISC_FILE                           ; mrom501.cmp                           ; --            ; --          ; --             ;
; MISC_FILE                           ; mrom502_0_inst.vhd                    ; --            ; --          ; --             ;
; MISC_FILE                           ; mrom502_0.cmp                         ; --            ; --          ; --             ;
; MISC_FILE                           ; mrom502_1_inst.vhd                    ; --            ; --          ; --             ;
; MISC_FILE                           ; mrom502_1.cmp                         ; --            ; --          ; --             ;
; PARTITION_COLOR                     ; 16764057                              ; --            ; --          ; Top            ;
; PARTITION_FITTER_PRESERVATION_LEVEL ; PLACEMENT_AND_ROUTING                 ; --            ; --          ; Top            ;
; PARTITION_NETLIST_TYPE              ; SOURCE                                ; --            ; --          ; Top            ;
; POWER_BOARD_THERMAL_MODEL           ; None (CONSERVATIVE)                   ; --            ; --          ; --             ;
; POWER_PRESET_COOLING_SOLUTION       ; 23 MM HEAT SINK WITH 200 LFPM AIRFLOW ; --            ; --          ; --             ;
; PROJECT_OUTPUT_DIRECTORY            ; output_files                          ; --            ; --          ; --             ;
; SLD_FILE                            ; db/stp1_auto_stripped.stp             ; --            ; --          ; --             ;
; USE_SIGNALTAP_FILE                  ; stp1.stp                              ; --            ; --          ; --             ;
+-------------------------------------+---------------------------------------+---------------+-------------+----------------+


+-------------------------------------------------------------------------------------------------------------------------------+
; Flow Elapsed Time                                                                                                             ;
+---------------------------+--------------+-------------------------+---------------------+------------------------------------+
; Module Name               ; Elapsed Time ; Average Processors Used ; Peak Virtual Memory ; Total CPU Time (on all processors) ;
+---------------------------+--------------+-------------------------+---------------------+------------------------------------+
; Analysis & Synthesis      ; 00:01:18     ; 1.0                     ; 893 MB              ; 00:01:11                           ;
; Fitter                    ; 00:00:45     ; 1.0                     ; 1164 MB             ; 00:00:41                           ;
; Assembler                 ; 00:00:03     ; 1.0                     ; 738 MB              ; 00:00:02                           ;
; TimeQuest Timing Analyzer ; 00:00:12     ; 1.0                     ; 830 MB              ; 00:00:10                           ;
; EDA Netlist Writer        ; 00:00:03     ; 1.0                     ; 744 MB              ; 00:00:02                           ;
; Total                     ; 00:02:21     ; --                      ; --                  ; 00:02:06                           ;
+---------------------------+--------------+-------------------------+---------------------+------------------------------------+


+----------------------------------------------------------------------------------------+
; Flow OS Summary                                                                        ;
+---------------------------+------------------+-----------+------------+----------------+
; Module Name               ; Machine Hostname ; OS Name   ; OS Version ; Processor type ;
+---------------------------+------------------+-----------+------------+----------------+
; Analysis & Synthesis      ; MAC-MINI-WIN81   ; Windows 8 ; 6.2        ; x86_64         ;
; Fitter                    ; MAC-MINI-WIN81   ; Windows 8 ; 6.2        ; x86_64         ;
; Assembler                 ; MAC-MINI-WIN81   ; Windows 8 ; 6.2        ; x86_64         ;
; TimeQuest Timing Analyzer ; MAC-MINI-WIN81   ; Windows 8 ; 6.2        ; x86_64         ;
; EDA Netlist Writer        ; MAC-MINI-WIN81   ; Windows 8 ; 6.2        ; x86_64         ;
+---------------------------+------------------+-----------+------------+----------------+


------------
; Flow Log ;
------------
quartus_map --read_settings_files=on --write_settings_files=off vup1500 -c vup1500
quartus_fit --read_settings_files=off --write_settings_files=off vup1500 -c vup1500
quartus_asm --read_settings_files=off --write_settings_files=off vup1500 -c vup1500
quartus_sta vup1500 -c vup1500
quartus_eda --read_settings_files=off --write_settings_files=off vup1500 -c vup1500



